Watching for file changes with StatReloader
[20/Aug/2025 00:38:40] "GET / HTTP/1.1" 302 0
[20/Aug/2025 00:38:40] "GET / HTTP/1.1" 200 14978
[20/Aug/2025 00:38:43] "GET /admin/ HTTP/1.1" 200 6512
[20/Aug/2025 00:38:45] "GET /admin/auth/user/ HTTP/1.1" 200 12486
[20/Aug/2025 00:38:45] "GET /static/admin/css/changelists.css HTTP/1.1" 304 0
[20/Aug/2025 00:38:45] "GET /static/admin/js/jquery.init.js HTTP/1.1" 304 0
[20/Aug/2025 00:38:45] "GET /static/admin/js/prepopulate.js HTTP/1.1" 304 0
[20/Aug/2025 00:38:45] "GET /static/admin/js/vendor/jquery/jquery.js HTTP/1.1" 304 0
[20/Aug/2025 00:38:45] "GET /static/admin/js/vendor/xregexp/xregexp.js HTTP/1.1" 304 0
[20/Aug/2025 00:38:45] "GET /admin/jsi18n/ HTTP/1.1" 200 17546
[20/Aug/2025 00:38:45] "GET /static/admin/js/core.js HTTP/1.1" 304 0
[20/Aug/2025 00:38:45] "GET /static/admin/js/admin/RelatedObjectLookups.js HTTP/1.1" 304 0
[20/Aug/2025 00:38:45] "GET /static/admin/js/actions.js HTTP/1.1" 304 0
[20/Aug/2025 00:38:45] "GET /static/admin/js/urlify.js HTTP/1.1" 304 0
[20/Aug/2025 00:38:45] "GET /static/admin/img/search.svg HTTP/1.1" 304 0
[20/Aug/2025 00:38:45] "GET /static/admin/img/icon-yes.svg HTTP/1.1" 304 0
[20/Aug/2025 00:38:45] "GET /static/admin/js/filters.js HTTP/1.1" 304 0
[20/Aug/2025 00:38:45] "GET /static/admin/img/sorting-icons.svg HTTP/1.1" 304 0
[20/Aug/2025 00:38:45] "GET /static/admin/img/tooltag-add.svg HTTP/1.1" 304 0
[20/Aug/2025 00:38:45] "GET /static/admin/img/icon-viewlink.svg HTTP/1.1" 304 0
[20/Aug/2025 00:38:47] "GET /admin/auth/group/ HTTP/1.1" 200 8276
[20/Aug/2025 00:38:47] "GET /admin/jsi18n/ HTTP/1.1" 200 17546
[20/Aug/2025 00:39:14] "HEAD / HTTP/1.1" 302 0
[20/Aug/2025 00:39:14] "HEAD /accounts/login/?next=/ HTTP/1.1" 200 0
[20/Aug/2025 00:39:35] "GET / HTTP/1.1" 200 14978
[20/Aug/2025 00:39:48] "GET /scripts/ HTTP/1.1" 200 14350
[20/Aug/2025 00:39:50] "GET /scripts/1/ HTTP/1.1" 200 19024
[20/Aug/2025 00:39:52] "GET /scripts/ HTTP/1.1" 200 14350
[20/Aug/2025 00:39:56] "GET /scripts/1/ HTTP/1.1" 200 19024
[20/Aug/2025 00:40:01] "GET /scripts/run/2/vacancies/?filter=existing HTTP/1.1" 200 9916
[20/Aug/2025 00:40:03] "GET /scripts/run/2/vacancies/?filter=new HTTP/1.1" 200 9902
[20/Aug/2025 00:40:04] "GET /scripts/run/2/vacancies/?filter=existing HTTP/1.1" 200 9916
[20/Aug/2025 00:40:04] "GET /scripts/run/2/vacancies/?filter=existing HTTP/1.1" 200 9916
[20/Aug/2025 00:40:06] "GET /scripts/run/2/vacancies/ HTTP/1.1" 200 9904
[20/Aug/2025 00:40:07] "GET /scripts/run/2/vacancies/?filter=new HTTP/1.1" 200 9902
[20/Aug/2025 00:40:07] "GET /scripts/1/ HTTP/1.1" 200 19024
[20/Aug/2025 00:40:18] "GET /scripts/run/2/vacancies/?filter=new HTTP/1.1" 200 9902
[20/Aug/2025 00:40:19] "GET /scripts/run/2/vacancies/?filter=existing HTTP/1.1" 200 9916
[20/Aug/2025 00:40:20] "GET /scripts/1/ HTTP/1.1" 200 19024
[20/Aug/2025 00:41:57] "GET /scripts/1/ HTTP/1.1" 302 0
[20/Aug/2025 00:41:57] "GET /accounts/login/?next=/scripts/1/ HTTP/1.1" 200 5951
[20/Aug/2025 00:42:01] "GET /scripts/1/ HTTP/1.1" 200 23277
[20/Aug/2025 00:42:04] "GET /admin/auth/group/ HTTP/1.1" 200 8276
[20/Aug/2025 00:42:04] "GET /admin/jsi18n/ HTTP/1.1" 200 17546
[20/Aug/2025 00:42:05] "GET /admin/auth/group/ HTTP/1.1" 200 8276
[20/Aug/2025 00:42:05] "GET /admin/jsi18n/ HTTP/1.1" 200 17546
[20/Aug/2025 00:42:10] "GET /scripts/run/2/vacancies/?filter=existing HTTP/1.1" 200 9916
[20/Aug/2025 00:42:11] "GET /scripts/run/2/vacancies/?filter=new HTTP/1.1" 200 133322
[20/Aug/2025 00:42:13] "GET /scripts/1/ HTTP/1.1" 200 23277
[20/Aug/2025 00:42:51] "GET /admin/auth/group/ HTTP/1.1" 200 8276
[20/Aug/2025 00:42:51] "GET /admin/jsi18n/ HTTP/1.1" 200 17546
[20/Aug/2025 00:42:51] "GET /admin/auth/group/ HTTP/1.1" 200 8276
[20/Aug/2025 00:42:51] "GET /admin/jsi18n/ HTTP/1.1" 200 17546
[20/Aug/2025 00:42:53] "GET /admin/auth/user/ HTTP/1.1" 200 13041
[20/Aug/2025 00:42:53] "GET /admin/jsi18n/ HTTP/1.1" 200 17546
[20/Aug/2025 00:42:53] "GET /static/admin/img/icon-no.svg HTTP/1.1" 200 560
[20/Aug/2025 00:42:54] "GET /admin/auth/group/ HTTP/1.1" 200 8276
[20/Aug/2025 00:42:54] "GET /admin/jsi18n/ HTTP/1.1" 200 17546
[20/Aug/2025 00:43:02] "GET /scripts/history/ HTTP/1.1" 200 15695
[20/Aug/2025 00:43:05] "GET /scripts/1/ HTTP/1.1" 200 23277
[20/Aug/2025 00:43:08] "GET /scripts/history/ HTTP/1.1" 200 15695
[20/Aug/2025 00:43:09] "GET /scripts/1/ HTTP/1.1" 200 23277
[20/Aug/2025 00:43:11] "GET /scripts/1/ HTTP/1.1" 200 23277
[20/Aug/2025 00:43:23] "GET /admin/auth/group/ HTTP/1.1" 200 8276
[20/Aug/2025 00:43:23] "GET /admin/jsi18n/ HTTP/1.1" 200 17546
[20/Aug/2025 00:44:23] "GET /admin/auth/group/ HTTP/1.1" 200 8276
[20/Aug/2025 00:44:23] "GET /admin/jsi18n/ HTTP/1.1" 200 17546
C:\Users\catoa\OneDrive\Рабочий стол\hhru\vacancy_parser\scripts\admin.py changed, reloading.
Performing system checks...

System check identified no issues (0 silenced).
August 20, 2025 - 00:38:40
Django version 5.2.5, using settings 'vacancy_parser.settings'
Starting development server at http://127.0.0.1:8000/
Quit the server with CTRL-BREAK.

WARNING: This is a development server. Do not use it in a production setting. Use a production WSGI or ASGI server instead.
For more information on production servers see: https://docs.djangoproject.com/en/5.2/howto/deployment/
Watching for file changes with StatReloader
[20/Aug/2025 00:44:59] "GET /admin/auth/group/ HTTP/1.1" 200 10600
[20/Aug/2025 00:44:59] "GET /admin/jsi18n/ HTTP/1.1" 200 17546
[20/Aug/2025 00:45:01] "GET /admin/scripts/vacancy/ HTTP/1.1" 200 86114
[20/Aug/2025 00:45:01] "GET /admin/jsi18n/ HTTP/1.1" 200 17546
[20/Aug/2025 00:45:08] "GET /admin/scripts/vacancyrun/ HTTP/1.1" 200 70906
[20/Aug/2025 00:45:08] "GET /admin/jsi18n/ HTTP/1.1" 200 17546
[20/Aug/2025 00:45:10] "GET /admin/scripts/scriptrun/ HTTP/1.1" 200 17139
[20/Aug/2025 00:45:10] "GET /admin/jsi18n/ HTTP/1.1" 200 17546
[20/Aug/2025 00:45:11] "GET /admin/scripts/vacancyrun/ HTTP/1.1" 200 70906
[20/Aug/2025 00:45:11] "GET /admin/jsi18n/ HTTP/1.1" 200 17546
[20/Aug/2025 00:45:15] "GET /admin/scripts/script/ HTTP/1.1" 200 16390
[20/Aug/2025 00:45:15] "GET /admin/jsi18n/ HTTP/1.1" 200 17546
[20/Aug/2025 00:45:24] "GET /admin/scripts/scriptrun/ HTTP/1.1" 200 17139
[20/Aug/2025 00:45:24] "GET /admin/jsi18n/ HTTP/1.1" 200 17546
[20/Aug/2025 00:45:32] "GET /admin/scripts/vacancyrun/ HTTP/1.1" 200 70906
[20/Aug/2025 00:45:32] "GET /admin/jsi18n/ HTTP/1.1" 200 17546
[20/Aug/2025 00:45:42] "GET /admin/scripts/vacancy/ HTTP/1.1" 200 86114
[20/Aug/2025 00:45:42] "GET /admin/jsi18n/ HTTP/1.1" 200 17546
[20/Aug/2025 00:45:59] "GET /admin/scripts/vacancyrun/ HTTP/1.1" 200 70906
[20/Aug/2025 00:45:59] "GET /admin/jsi18n/ HTTP/1.1" 200 17546
[20/Aug/2025 00:46:09] "GET /scripts/1/ HTTP/1.1" 200 23277
[20/Aug/2025 00:46:10] "GET /scripts/1/ HTTP/1.1" 200 23277
[20/Aug/2025 00:46:11] "POST /scripts/1/run/ HTTP/1.1" 200 124
[20/Aug/2025 00:46:13] "GET /scripts/run/3/status/ HTTP/1.1" 200 144
[20/Aug/2025 00:46:15] "GET /scripts/run/3/status/ HTTP/1.1" 200 144
[20/Aug/2025 00:46:18] "GET /scripts/run/3/status/ HTTP/1.1" 200 144
[20/Aug/2025 00:46:19] "GET /scripts/run/3/status/ HTTP/1.1" 200 178
[20/Aug/2025 00:46:21] "GET /scripts/1/ HTTP/1.1" 200 23441
[20/Aug/2025 00:46:28] "GET /scripts/run/3/vacancies/?filter=new HTTP/1.1" 200 9902
[20/Aug/2025 00:46:29] "GET /scripts/run/3/vacancies/?filter=existing HTTP/1.1" 200 127769
[20/Aug/2025 00:46:34] "GET /scripts/run/3/vacancies/ HTTP/1.1" 200 127721
[20/Aug/2025 00:46:37] "GET /admin/scripts/vacancyrun/ HTTP/1.1" 200 103168
[20/Aug/2025 00:46:37] "GET /admin/jsi18n/ HTTP/1.1" 200 17546
[20/Aug/2025 00:46:58] "GET /admin/scripts/vacancyrun/ HTTP/1.1" 200 103168
[20/Aug/2025 00:46:58] "GET /admin/jsi18n/ HTTP/1.1" 200 17546
[20/Aug/2025 00:47:03] "GET /admin/scripts/vacancyrun/?o=5 HTTP/1.1" 200 106257
[20/Aug/2025 00:47:03] "GET /admin/jsi18n/ HTTP/1.1" 200 17546
[20/Aug/2025 00:47:04] "GET /admin/scripts/vacancyrun/?o=-5 HTTP/1.1" 200 105970
[20/Aug/2025 00:47:04] "GET /admin/jsi18n/ HTTP/1.1" 200 17546
[20/Aug/2025 00:47:13] "GET /admin/scripts/vacancyrun/?o=5 HTTP/1.1" 200 106257
[20/Aug/2025 00:47:13] "GET /admin/jsi18n/ HTTP/1.1" 200 17546
[20/Aug/2025 00:47:19] "GET /scripts/1/ HTTP/1.1" 200 23441
[20/Aug/2025 00:47:20] "GET /scripts/ HTTP/1.1" 200 14350
[20/Aug/2025 00:47:22] "GET /scripts/ HTTP/1.1" 200 14350
[20/Aug/2025 00:47:24] "GET /scripts/1/ HTTP/1.1" 200 23441
[20/Aug/2025 00:47:34] "GET /admin/scripts/script/ HTTP/1.1" 200 16390
[20/Aug/2025 00:47:34] "GET /admin/jsi18n/ HTTP/1.1" 200 17546
[20/Aug/2025 00:47:41] "GET /admin/scripts/script/1/change/ HTTP/1.1" 200 18096
[20/Aug/2025 00:47:41] "GET /admin/jsi18n/ HTTP/1.1" 200 17546
[20/Aug/2025 00:47:41] "GET /static/admin/css/forms.css HTTP/1.1" 200 8525
[20/Aug/2025 00:47:41] "GET /static/admin/css/widgets.css HTTP/1.1" 200 11991
[20/Aug/2025 00:47:41] "GET /static/admin/js/prepopulate_init.js HTTP/1.1" 200 586
[20/Aug/2025 00:47:41] "GET /static/admin/js/change_form.js HTTP/1.1" 200 606
[20/Aug/2025 00:47:54] "GET /admin/auth/user/1/change/?_to_field=id&_popup=1 HTTP/1.1" 200 20696
[20/Aug/2025 00:47:54] "GET /static/admin/js/SelectBox.js HTTP/1.1" 200 4530
[20/Aug/2025 00:47:54] "GET /static/admin/js/admin/DateTimeShortcuts.js HTTP/1.1" 200 19319
[20/Aug/2025 00:47:54] "GET /static/admin/js/calendar.js HTTP/1.1" 200 9141
[20/Aug/2025 00:47:54] "GET /static/admin/js/SelectFilter2.js HTTP/1.1" 200 15845
[20/Aug/2025 00:47:54] "GET /admin/jsi18n/ HTTP/1.1" 200 17546
[20/Aug/2025 00:47:54] "GET /static/admin/img/selector-icons.svg HTTP/1.1" 200 3291
[20/Aug/2025 00:47:54] "GET /static/admin/img/icon-calendar.svg HTTP/1.1" 200 1086
[20/Aug/2025 00:47:54] "GET /static/admin/img/icon-clock.svg HTTP/1.1" 200 677
[20/Aug/2025 00:48:04] "POST /admin/auth/user/1/change/?_to_field=id&_popup=1 HTTP/1.1" 200 451
[20/Aug/2025 00:48:04] "GET /static/admin/js/popup_response.js HTTP/1.1" 200 532
[20/Aug/2025 00:48:06] "POST /admin/scripts/script/1/change/ HTTP/1.1" 302 0
[20/Aug/2025 00:48:06] "GET /admin/scripts/script/ HTTP/1.1" 200 16698
[20/Aug/2025 00:48:06] "GET /admin/jsi18n/ HTTP/1.1" 200 17546
[20/Aug/2025 00:48:10] "GET /scripts/1/ HTTP/1.1" 200 23455
[20/Aug/2025 00:48:15] "GET /scripts/1/ HTTP/1.1" 200 23455
[20/Aug/2025 00:48:20] "GET / HTTP/1.1" 200 15908
[20/Aug/2025 00:50:42] "GET / HTTP/1.1" 200 15908
[20/Aug/2025 00:50:46] "GET /scripts/1/ HTTP/1.1" 200 23455
[20/Aug/2025 00:50:48] "GET /scripts/1/ HTTP/1.1" 200 23455
[20/Aug/2025 00:50:49] "GET /scripts/ HTTP/1.1" 200 14357
[20/Aug/2025 00:50:50] "GET /scripts/ HTTP/1.1" 200 14357
[20/Aug/2025 00:50:51] "GET / HTTP/1.1" 200 15908
C:\Users\catoa\OneDrive\Рабочий стол\hhru\vacancy_parser\scripts\views.py changed, reloading.
Performing system checks...

System check identified no issues (0 silenced).
August 20, 2025 - 00:44:41
Django version 5.2.5, using settings 'vacancy_parser.settings'
Starting development server at http://127.0.0.1:8000/
Quit the server with CTRL-BREAK.

WARNING: This is a development server. Do not use it in a production setting. Use a production WSGI or ASGI server instead.
For more information on production servers see: https://docs.djangoproject.com/en/5.2/howto/deployment/
[00:46:11] Запуск парсера вакансий hh.ru
[00:46:11] Поиск вакансий: 'Инженер по охране труда'
[00:46:11] Загружено 64 существующих вакансий
[00:46:11] Загружаем страницу 1/5
[00:46:12] Найдено 19 подходящих вакансий на странице 1
[00:46:12] Загружаем страницу 2/5
[00:46:13] Найдено 13 подходящих вакансий на странице 2
[00:46:14] Загружаем страницу 3/5
[00:46:14] Найдено 6 подходящих вакансий на странице 3
[00:46:15] Загружаем страницу 4/5
[00:46:15] Найдено 14 подходящих вакансий на странице 4
[00:46:16] Загружаем страницу 5/5
[00:46:16] Найдено 12 подходящих вакансий на странице 5
[00:46:17] Всего найдено 64 вакансий
[00:46:18] Сохранено: 0 новых, 64 существующих вакансий
[00:46:19] Найдено новых вакансий: 0
[00:46:19] Повторных вакансий: 64
[00:46:19] Парсер завершил работу успешно
Watching for file changes with StatReloader
[20/Aug/2025 00:51:13] "GET /scripts/ HTTP/1.1" 200 14357
[20/Aug/2025 00:51:14] "GET /scripts/ HTTP/1.1" 200 14357
[20/Aug/2025 00:51:16] "GET / HTTP/1.1" 200 15704
[20/Aug/2025 00:51:20] "GET /scripts/ HTTP/1.1" 200 14357
C:\Users\catoa\OneDrive\Рабочий стол\hhru\vacancy_parser\scripts\views.py changed, reloading.
Performing system checks...

System check identified no issues (0 silenced).
August 20, 2025 - 00:51:12
Django version 5.2.5, using settings 'vacancy_parser.settings'
Starting development server at http://127.0.0.1:8000/
Quit the server with CTRL-BREAK.

WARNING: This is a development server. Do not use it in a production setting. Use a production WSGI or ASGI server instead.
For more information on production servers see: https://docs.djangoproject.com/en/5.2/howto/deployment/
Watching for file changes with StatReloader
C:\Users\catoa\OneDrive\Рабочий стол\hhru\vacancy_parser\scripts\views.py changed, reloading.
Performing system checks...

System check identified no issues (0 silenced).
August 20, 2025 - 00:51:30
Django version 5.2.5, using settings 'vacancy_parser.settings'
Starting development server at http://127.0.0.1:8000/
Quit the server with CTRL-BREAK.

WARNING: This is a development server. Do not use it in a production setting. Use a production WSGI or ASGI server instead.
For more information on production servers see: https://docs.djangoproject.com/en/5.2/howto/deployment/
Watching for file changes with StatReloader
[20/Aug/2025 00:51:49] "GET / HTTP/1.1" 200 15488
[20/Aug/2025 00:53:08] "GET / HTTP/1.1" 200 16068
[20/Aug/2025 00:53:10] "GET / HTTP/1.1" 200 16068
[20/Aug/2025 00:53:59] "GET / HTTP/1.1" 200 17873
[20/Aug/2025 00:54:00] "GET / HTTP/1.1" 200 17873
[20/Aug/2025 00:54:01] "GET / HTTP/1.1" 200 17873
[20/Aug/2025 00:54:02] "GET / HTTP/1.1" 200 17873
[20/Aug/2025 00:54:09] "GET /scripts/1/ HTTP/1.1" 200 23455
[20/Aug/2025 00:54:20] "GET /scripts/ HTTP/1.1" 200 14357
[20/Aug/2025 00:54:29] "GET /scripts/ HTTP/1.1" 200 14357
[20/Aug/2025 00:54:30] "GET / HTTP/1.1" 200 17915
[20/Aug/2025 00:56:52] "GET / HTTP/1.1" 200 17915
[20/Aug/2025 00:58:25] "GET / HTTP/1.1" 200 25539
[20/Aug/2025 00:58:52] "GET / HTTP/1.1" 200 24141
[20/Aug/2025 00:58:55] "GET / HTTP/1.1" 200 24141
[20/Aug/2025 00:58:56] "GET /scripts/ HTTP/1.1" 200 20583
[20/Aug/2025 00:58:58] "GET / HTTP/1.1" 200 24141
[20/Aug/2025 00:58:58] "GET / HTTP/1.1" 200 24141
[20/Aug/2025 00:59:12] "GET / HTTP/1.1" 200 26385
[20/Aug/2025 00:59:13] "GET / HTTP/1.1" 200 26385
[20/Aug/2025 00:59:19] "GET / HTTP/1.1" 200 26404
[20/Aug/2025 00:59:20] "GET /scripts/history/ HTTP/1.1" 200 27312
[20/Aug/2025 00:59:23] "GET / HTTP/1.1" 200 26404
[20/Aug/2025 00:59:25] "GET /scripts/ HTTP/1.1" 200 22827
[20/Aug/2025 00:59:28] "GET / HTTP/1.1" 200 26404
[20/Aug/2025 00:59:30] "GET /scripts/ HTTP/1.1" 200 22827
[20/Aug/2025 00:59:32] "GET /scripts/1/ HTTP/1.1" 200 31925
[20/Aug/2025 00:59:37] "GET /scripts/run/3/vacancies/?filter=existing HTTP/1.1" 200 136246
[20/Aug/2025 00:59:40] "GET /scripts/run/3/vacancies/?filter=existing HTTP/1.1" 200 136246
[20/Aug/2025 00:59:41] "GET /scripts/run/3/vacancies/?filter=new HTTP/1.1" 200 18379
[20/Aug/2025 00:59:42] "GET /scripts/run/3/vacancies/ HTTP/1.1" 200 136198
[20/Aug/2025 00:59:43] "GET / HTTP/1.1" 200 27334
[20/Aug/2025 00:59:43] "GET /scripts/history/ HTTP/1.1" 200 27312
[20/Aug/2025 00:59:44] "GET / HTTP/1.1" 200 27334
[20/Aug/2025 00:59:51] "GET /scripts/history/ HTTP/1.1" 200 27312
[20/Aug/2025 00:59:53] "GET /scripts/1/ HTTP/1.1" 200 31925
[20/Aug/2025 00:59:55] "GET / HTTP/1.1" 200 27334
[20/Aug/2025 00:59:57] "GET / HTTP/1.1" 200 27334
[20/Aug/2025 01:00:13] "GET /scripts/ HTTP/1.1" 200 22827
[20/Aug/2025 01:00:16] "GET /scripts/1/ HTTP/1.1" 200 31925
[20/Aug/2025 01:00:20] "GET / HTTP/1.1" 200 27334
[20/Aug/2025 01:02:34] "GET / HTTP/1.1" 200 26198
[20/Aug/2025 01:02:43] "GET /scripts/ HTTP/1.1" 200 22827
[20/Aug/2025 01:02:45] "GET / HTTP/1.1" 200 26198
[20/Aug/2025 01:03:08] "GET /scripts/history/ HTTP/1.1" 200 27312
[20/Aug/2025 01:03:09] "GET /scripts/ HTTP/1.1" 200 22827
[20/Aug/2025 01:03:10] "GET /scripts/history/ HTTP/1.1" 200 27312
[20/Aug/2025 01:03:17] "GET /admin/ HTTP/1.1" 200 10440
[20/Aug/2025 01:03:26] "GET / HTTP/1.1" 200 25143
[20/Aug/2025 01:03:39] "GET /scripts/ HTTP/1.1" 200 22827
[20/Aug/2025 01:03:41] "GET / HTTP/1.1" 200 25143
[20/Aug/2025 01:03:42] "GET /scripts/history/ HTTP/1.1" 200 27312
[20/Aug/2025 01:03:48] "GET /scripts/run/2/vacancies/ HTTP/1.1" 200 141766
[20/Aug/2025 01:03:51] "GET /scripts/run/2/vacancies/?filter=new HTTP/1.1" 200 141799
[20/Aug/2025 01:03:52] "GET /scripts/run/2/vacancies/?filter=existing HTTP/1.1" 200 18393
[20/Aug/2025 01:03:53] "GET /scripts/run/2/vacancies/ HTTP/1.1" 200 141766
[20/Aug/2025 01:03:54] "GET /scripts/1/ HTTP/1.1" 200 31925
[20/Aug/2025 01:04:00] "GET /scripts/ HTTP/1.1" 200 22827
[20/Aug/2025 01:04:05] "GET / HTTP/1.1" 200 25143
[20/Aug/2025 01:04:32] "GET /scripts/ HTTP/1.1" 200 22827
[20/Aug/2025 01:04:33] "POST /scripts/1/run/ HTTP/1.1" 200 124
[20/Aug/2025 01:04:35] "GET /scripts/run/4/status/ HTTP/1.1" 200 144
[20/Aug/2025 01:04:37] "GET /scripts/run/4/status/ HTTP/1.1" 200 144
[20/Aug/2025 01:04:39] "GET /scripts/run/4/status/ HTTP/1.1" 200 144
[20/Aug/2025 01:04:41] "GET /scripts/run/4/status/ HTTP/1.1" 200 178
[20/Aug/2025 01:04:45] "GET /scripts/ HTTP/1.1" 200 22827
[20/Aug/2025 01:04:46] "GET /scripts/history/ HTTP/1.1" 200 30452
[20/Aug/2025 01:04:54] "GET /scripts/1/ HTTP/1.1" 200 31925
[20/Aug/2025 01:04:58] "GET /scripts/run/4/vacancies/?filter=existing HTTP/1.1" 200 136246
[20/Aug/2025 01:05:01] "GET /scripts/run/4/vacancies/ HTTP/1.1" 200 136198
[20/Aug/2025 01:05:05] "GET /scripts/ HTTP/1.1" 200 22827
[20/Aug/2025 01:09:17] "GET /scripts/ HTTP/1.1" 200 22825
[20/Aug/2025 01:09:19] "GET /scripts/ HTTP/1.1" 200 22825
[20/Aug/2025 01:09:23] "GET / HTTP/1.1" 200 25903
[20/Aug/2025 01:09:30] "GET /scripts/ HTTP/1.1" 200 22824
[20/Aug/2025 01:09:34] "GET / HTTP/1.1" 200 25903
[20/Aug/2025 01:09:35] "GET /scripts/ HTTP/1.1" 200 22824
[20/Aug/2025 01:09:36] "GET / HTTP/1.1" 200 25903
[20/Aug/2025 01:09:41] "GET /scripts/ HTTP/1.1" 200 22824
[20/Aug/2025 01:09:43] "GET /scripts/history/ HTTP/1.1" 200 30449
[20/Aug/2025 01:09:46] "GET /scripts/ HTTP/1.1" 200 22824
[20/Aug/2025 01:09:48] "GET / HTTP/1.1" 200 25903
[20/Aug/2025 01:09:51] "GET /scripts/ HTTP/1.1" 200 22824
[20/Aug/2025 01:09:56] "POST /scripts/1/run/ HTTP/1.1" 200 124
[20/Aug/2025 01:09:58] "GET /scripts/run/5/status/ HTTP/1.1" 200 144
[20/Aug/2025 01:10:00] "GET /scripts/run/5/status/ HTTP/1.1" 200 144
[20/Aug/2025 01:10:02] "GET /scripts/run/5/status/ HTTP/1.1" 200 144
[20/Aug/2025 01:10:05] "GET /admin/scripts/script/ HTTP/1.1" 200 16404
[20/Aug/2025 01:10:05] "GET /scripts/run/5/status/ HTTP/1.1" 200 178
[20/Aug/2025 01:10:05] "GET /static/admin/css/dark_mode.css HTTP/1.1" 304 0
[20/Aug/2025 01:10:05] "GET /static/admin/css/base.css HTTP/1.1" 304 0
[20/Aug/2025 01:10:05] "GET /admin/jsi18n/ HTTP/1.1" 200 17546
[20/Aug/2025 01:10:05] "GET /static/admin/css/nav_sidebar.css HTTP/1.1" 304 0
[20/Aug/2025 01:10:05] "GET /static/admin/js/theme.js HTTP/1.1" 304 0
[20/Aug/2025 01:10:05] "GET /static/admin/css/responsive.css HTTP/1.1" 304 0
[20/Aug/2025 01:10:05] "GET /static/admin/js/nav_sidebar.js HTTP/1.1" 304 0
[20/Aug/2025 01:10:05] "GET /static/admin/img/icon-addlink.svg HTTP/1.1" 304 0
[20/Aug/2025 01:10:09] "GET /scripts/run/5/vacancies/ HTTP/1.1" 200 136195
[20/Aug/2025 01:10:12] "GET /scripts/run/5/vacancies/?filter=existing HTTP/1.1" 200 136243
[20/Aug/2025 01:10:13] "GET /scripts/run/5/vacancies/?filter=new HTTP/1.1" 200 18376
[20/Aug/2025 01:10:13] "GET /scripts/run/5/vacancies/ HTTP/1.1" 200 136195
[20/Aug/2025 01:10:17] "GET / HTTP/1.1" 200 26666
[20/Aug/2025 01:10:51] "GET /scripts/ HTTP/1.1" 200 22824
[20/Aug/2025 01:10:53] "GET /scripts/ HTTP/1.1" 200 22824
[20/Aug/2025 01:10:54] "GET /scripts/history/ HTTP/1.1" 200 33589
[20/Aug/2025 01:11:11] "GET / HTTP/1.1" 200 26666
[20/Aug/2025 01:11:17] "GET /scripts/1/ HTTP/1.1" 200 31922
[20/Aug/2025 01:11:23] "GET / HTTP/1.1" 200 26666
[20/Aug/2025 01:11:33] "GET / HTTP/1.1" 200 26666
[20/Aug/2025 01:11:34] "GET / HTTP/1.1" 200 26666
[20/Aug/2025 01:11:39] "GET / HTTP/1.1" 200 26666
[20/Aug/2025 01:11:40] "GET /scripts/ HTTP/1.1" 200 22824
[20/Aug/2025 01:11:41] "GET / HTTP/1.1" 200 26666
[20/Aug/2025 01:11:53] "GET / HTTP/1.1" 200 26666
[20/Aug/2025 01:12:02] "GET / HTTP/1.1" 200 26666
[20/Aug/2025 01:13:22] "GET /admin/scripts/script/ HTTP/1.1" 200 16404
[20/Aug/2025 01:13:22] "GET /admin/jsi18n/ HTTP/1.1" 200 17546
[20/Aug/2025 01:13:24] "GET /admin/scripts/scriptrun/ HTTP/1.1" 200 19737
[20/Aug/2025 01:13:24] "GET /admin/jsi18n/ HTTP/1.1" 200 17546
C:\Users\catoa\OneDrive\Рабочий стол\hhru\vacancy_parser\scripts\views.py changed, reloading.
Performing system checks...

System check identified no issues (0 silenced).
August 20, 2025 - 00:51:34
Django version 5.2.5, using settings 'vacancy_parser.settings'
Starting development server at http://127.0.0.1:8000/
Quit the server with CTRL-BREAK.

WARNING: This is a development server. Do not use it in a production setting. Use a production WSGI or ASGI server instead.
For more information on production servers see: https://docs.djangoproject.com/en/5.2/howto/deployment/
[01:04:33] Запуск парсера вакансий hh.ru
[01:04:33] Поиск вакансий: 'Инженер по охране труда'
[01:04:33] Загружено 64 существующих вакансий
[01:04:33] Загружаем страницу 1/5
[01:04:34] Найдено 19 подходящих вакансий на странице 1
[01:04:34] Загружаем страницу 2/5
[01:04:35] Найдено 13 подходящих вакансий на странице 2
[01:04:35] Загружаем страницу 3/5
[01:04:36] Найдено 6 подходящих вакансий на странице 3
[01:04:36] Загружаем страницу 4/5
[01:04:37] Найдено 14 подходящих вакансий на странице 4
[01:04:37] Загружаем страницу 5/5
[01:04:37] Найдено 12 подходящих вакансий на странице 5
[01:04:38] Всего найдено 64 вакансий
[01:04:40] Сохранено: 0 новых, 64 существующих вакансий
[01:04:40] Найдено новых вакансий: 0
[01:04:40] Повторных вакансий: 64
[01:04:40] Парсер завершил работу успешно
[01:09:56] Запуск парсера вакансий hh.ru
[01:09:56] Поиск вакансий: 'Инженер по охране труда'
[01:09:56] Загружено 64 существующих вакансий
[01:09:56] Загружаем страницу 1/5
[01:09:56] Найдено 19 подходящих вакансий на странице 1
[01:09:57] Загружаем страницу 2/5
[01:09:57] Найдено 13 подходящих вакансий на странице 2
[01:09:58] Загружаем страницу 3/5
[01:09:58] Найдено 6 подходящих вакансий на странице 3
[01:09:59] Загружаем страницу 4/5
[01:09:59] Найдено 14 подходящих вакансий на странице 4
[01:10:00] Загружаем страницу 5/5
[01:10:00] Найдено 12 подходящих вакансий на странице 5
[01:10:01] Всего найдено 64 вакансий
[01:10:02] Сохранено: 0 новых, 64 существующих вакансий
[01:10:02] Найдено новых вакансий: 0
[01:10:02] Повторных вакансий: 64
[01:10:02] Парсер завершил работу успешно
Watching for file changes with StatReloader
C:\Users\catoa\OneDrive\Рабочий стол\hhru\vacancy_parser\scripts\views.py changed, reloading.
Performing system checks...

System check identified no issues (0 silenced).
August 20, 2025 - 01:15:05
Django version 5.2.5, using settings 'vacancy_parser.settings'
Starting development server at http://127.0.0.1:8000/
Quit the server with CTRL-BREAK.

WARNING: This is a development server. Do not use it in a production setting. Use a production WSGI or ASGI server instead.
For more information on production servers see: https://docs.djangoproject.com/en/5.2/howto/deployment/
Watching for file changes with StatReloader
[20/Aug/2025 01:15:17] "GET / HTTP/1.1" 200 26666
[20/Aug/2025 01:15:18] "GET / HTTP/1.1" 200 26666
[20/Aug/2025 01:15:19] "GET /scripts/ HTTP/1.1" 200 22824
[20/Aug/2025 01:15:20] "GET / HTTP/1.1" 200 26666
C:\Users\catoa\OneDrive\Рабочий стол\hhru\vacancy_parser\scripts\views.py changed, reloading.
Performing system checks...

System check identified no issues (0 silenced).
August 20, 2025 - 01:15:09
Django version 5.2.5, using settings 'vacancy_parser.settings'
Starting development server at http://127.0.0.1:8000/
Quit the server with CTRL-BREAK.

WARNING: This is a development server. Do not use it in a production setting. Use a production WSGI or ASGI server instead.
For more information on production servers see: https://docs.djangoproject.com/en/5.2/howto/deployment/
Watching for file changes with StatReloader
C:\Users\catoa\OneDrive\Рабочий стол\hhru\vacancy_parser\scripts\views.py changed, reloading.
Performing system checks...

System check identified no issues (0 silenced).
August 20, 2025 - 01:15:39
Django version 5.2.5, using settings 'vacancy_parser.settings'
Starting development server at http://127.0.0.1:8000/
Quit the server with CTRL-BREAK.

WARNING: This is a development server. Do not use it in a production setting. Use a production WSGI or ASGI server instead.
For more information on production servers see: https://docs.djangoproject.com/en/5.2/howto/deployment/
Watching for file changes with StatReloader
C:\Users\catoa\OneDrive\Рабочий стол\hhru\vacancy_parser\scripts\views.py changed, reloading.
Performing system checks...

System check identified no issues (0 silenced).
August 20, 2025 - 01:16:24
Django version 5.2.5, using settings 'vacancy_parser.settings'
Starting development server at http://127.0.0.1:8000/
Quit the server with CTRL-BREAK.

WARNING: This is a development server. Do not use it in a production setting. Use a production WSGI or ASGI server instead.
For more information on production servers see: https://docs.djangoproject.com/en/5.2/howto/deployment/
Watching for file changes with StatReloader
Internal Server Error: /
Traceback (most recent call last):
  File "C:\Users\catoa\AppData\Roaming\Python\Python313\site-packages\django\core\handlers\exception.py", line 55, in inner
    response = get_response(request)
  File "C:\Users\catoa\AppData\Roaming\Python\Python313\site-packages\django\core\handlers\base.py", line 197, in _get_response
    response = wrapped_callback(request, *callback_args, **callback_kwargs)
  File "C:\Users\catoa\AppData\Roaming\Python\Python313\site-packages\django\contrib\auth\decorators.py", line 59, in _view_wrapper
    return view_func(request, *args, **kwargs)
  File "C:\Users\catoa\oneDrive\Рабочий стол\hhru\vacancy_parser\scripts\views.py", line 68, in home_view
    start_of_day_utc = start_of_day_local.astimezone(timezone.utc)
                                                     ^^^^^^^^^^^^
AttributeError: module 'django.utils.timezone' has no attribute 'utc'
[20/Aug/2025 01:16:51] "GET / HTTP/1.1" 500 73090
Internal Server Error: /
Traceback (most recent call last):
  File "C:\Users\catoa\AppData\Roaming\Python\Python313\site-packages\django\core\handlers\exception.py", line 55, in inner
    response = get_response(request)
  File "C:\Users\catoa\AppData\Roaming\Python\Python313\site-packages\django\core\handlers\base.py", line 197, in _get_response
    response = wrapped_callback(request, *callback_args, **callback_kwargs)
  File "C:\Users\catoa\AppData\Roaming\Python\Python313\site-packages\django\contrib\auth\decorators.py", line 59, in _view_wrapper
    return view_func(request, *args, **kwargs)
  File "C:\Users\catoa\oneDrive\Рабочий стол\hhru\vacancy_parser\scripts\views.py", line 68, in home_view
    start_of_day_utc = start_of_day_local.astimezone(timezone.utc)
                                                     ^^^^^^^^^^^^
AttributeError: module 'django.utils.timezone' has no attribute 'utc'
[20/Aug/2025 01:16:53] "GET / HTTP/1.1" 500 73090
C:\Users\catoa\OneDrive\Рабочий стол\hhru\vacancy_parser\scripts\views.py changed, reloading.
Performing system checks...

System check identified no issues (0 silenced).
August 20, 2025 - 01:16:51
Django version 5.2.5, using settings 'vacancy_parser.settings'
Starting development server at http://127.0.0.1:8000/
Quit the server with CTRL-BREAK.

WARNING: This is a development server. Do not use it in a production setting. Use a production WSGI or ASGI server instead.
For more information on production servers see: https://docs.djangoproject.com/en/5.2/howto/deployment/
Watching for file changes with StatReloader
[20/Aug/2025 01:17:02] "GET / HTTP/1.1" 200 26666
[20/Aug/2025 01:17:47] "GET /scripts/ HTTP/1.1" 200 22824
[20/Aug/2025 01:17:50] "GET /scripts/1/ HTTP/1.1" 200 31922
[20/Aug/2025 01:17:58] "GET /scripts/run/5/vacancies/?filter=existing HTTP/1.1" 200 136243
[20/Aug/2025 01:18:15] "GET /scripts/run/5/vacancies/?filter=new HTTP/1.1" 200 18376
[20/Aug/2025 01:18:16] "GET /scripts/run/5/vacancies/?filter=existing HTTP/1.1" 200 136243
[20/Aug/2025 01:18:20] "GET /scripts/run/5/vacancies/ HTTP/1.1" 200 136195
[20/Aug/2025 01:18:21] "GET /scripts/1/ HTTP/1.1" 200 31922
[20/Aug/2025 01:18:24] "GET /scripts/ HTTP/1.1" 200 22824
[20/Aug/2025 01:18:27] "GET /scripts/history/ HTTP/1.1" 200 33589
[20/Aug/2025 01:18:30] "GET / HTTP/1.1" 200 26666
C:\Users\catoa\OneDrive\Рабочий стол\hhru\vacancy_parser\scripts\parser.py changed, reloading.
Performing system checks...

System check identified no issues (0 silenced).
August 20, 2025 - 01:17:01
Django version 5.2.5, using settings 'vacancy_parser.settings'
Starting development server at http://127.0.0.1:8000/
Quit the server with CTRL-BREAK.

WARNING: This is a development server. Do not use it in a production setting. Use a production WSGI or ASGI server instead.
For more information on production servers see: https://docs.djangoproject.com/en/5.2/howto/deployment/
Watching for file changes with StatReloader
C:\Users\catoa\OneDrive\Рабочий стол\hhru\vacancy_parser\scripts\models.py changed, reloading.
Performing system checks...

System check identified no issues (0 silenced).
August 20, 2025 - 01:21:42
Django version 5.2.5, using settings 'vacancy_parser.settings'
Starting development server at http://127.0.0.1:8000/
Quit the server with CTRL-BREAK.

WARNING: This is a development server. Do not use it in a production setting. Use a production WSGI or ASGI server instead.
For more information on production servers see: https://docs.djangoproject.com/en/5.2/howto/deployment/
Watching for file changes with StatReloader
C:\Users\catoa\OneDrive\Рабочий стол\hhru\vacancy_parser\scripts\parser.py changed, reloading.
Performing system checks...

System check identified no issues (0 silenced).
August 20, 2025 - 01:21:57
Django version 5.2.5, using settings 'vacancy_parser.settings'
Starting development server at http://127.0.0.1:8000/
Quit the server with CTRL-BREAK.

WARNING: This is a development server. Do not use it in a production setting. Use a production WSGI or ASGI server instead.
For more information on production servers see: https://docs.djangoproject.com/en/5.2/howto/deployment/
Watching for file changes with StatReloader
[20/Aug/2025 01:22:53] "GET / HTTP/1.1" 200 26666
[20/Aug/2025 01:22:57] "GET /scripts/1/ HTTP/1.1" 200 31922
[20/Aug/2025 01:22:59] "POST /scripts/1/run/ HTTP/1.1" 200 124
[20/Aug/2025 01:23:01] "GET /scripts/run/6/status/ HTTP/1.1" 200 144
[20/Aug/2025 01:23:03] "GET /scripts/run/6/status/ HTTP/1.1" 200 144
[20/Aug/2025 01:23:05] "GET /scripts/run/6/status/ HTTP/1.1" 200 144
[20/Aug/2025 01:23:07] "GET /scripts/run/6/status/ HTTP/1.1" 200 144
[20/Aug/2025 01:23:09] "GET /scripts/run/6/status/ HTTP/1.1" 200 144
[20/Aug/2025 01:23:11] "GET /scripts/run/6/status/ HTTP/1.1" 200 144
[20/Aug/2025 01:23:13] "GET /scripts/run/6/status/ HTTP/1.1" 200 144
[20/Aug/2025 01:23:15] "GET /scripts/run/6/status/ HTTP/1.1" 200 144
[20/Aug/2025 01:23:17] "GET /scripts/run/6/status/ HTTP/1.1" 200 144
[20/Aug/2025 01:23:19] "GET /scripts/run/6/status/ HTTP/1.1" 200 144
[20/Aug/2025 01:23:21] "GET /scripts/run/6/status/ HTTP/1.1" 200 144
[20/Aug/2025 01:23:23] "GET /scripts/run/6/status/ HTTP/1.1" 200 144
[20/Aug/2025 01:23:25] "GET /scripts/run/6/status/ HTTP/1.1" 200 181
[20/Aug/2025 01:23:29] "GET /scripts/1/ HTTP/1.1" 200 36811
[20/Aug/2025 01:23:48] "GET / HTTP/1.1" 200 26671
[20/Aug/2025 01:24:39] "GET /admin/scripts/vacancy/ HTTP/1.1" 200 143499
[20/Aug/2025 01:24:39] "GET /admin/jsi18n/ HTTP/1.1" 200 17546
[20/Aug/2025 01:24:45] "GET /admin/scripts/vacancyrun/ HTTP/1.1" 200 101900
[20/Aug/2025 01:24:45] "GET /admin/jsi18n/ HTTP/1.1" 200 17546
